<?xml version="1.0" encoding="UTF-8"?>
<TestRun id="7b1573ac-2020-42a3-b6b3-3f810adb784d" name="student@E319-03 2018-05-22 12:52:25" runUser="KSTUEDU\student" xmlns="http://microsoft.com/schemas/VisualStudio/TeamTest/2010">
  <TestSettings name="Локальные" id="f3164067-f42b-49dc-86e8-d58bc112fd3c">
    <Description>Это - параметры по умолчанию для локального тестового запуска.</Description>
    <Deployment enabled="false" runDeploymentRoot="student_E319-03 2018-05-22 12_52_25">
      <DeploymentItem filename="C:\Users\student\Desktop\16ид3а\MathCAD\MathLibrary\bin\Debug\MathLibrary.dll" />
    </Deployment>
    <Execution>
      <TestTypeSpecific />
      <AgentRule name="Execution Agents">
      </AgentRule>
    </Execution>
  </TestSettings>
  <Times creation="2018-05-22T12:52:25.7542152+03:00" queuing="2018-05-22T12:52:27.9506544+03:00" start="2018-05-22T12:52:28.1456934+03:00" finish="2018-05-22T12:52:28.7658174+03:00" />
  <ResultSummary outcome="Completed">
    <Counters total="1" executed="1" passed="1" error="0" failed="0" timeout="0" aborted="0" inconclusive="0" passedButRunAborted="0" notRunnable="0" notExecuted="0" disconnected="0" warning="0" completed="0" inProgress="0" pending="0" />
  </ResultSummary>
  <TestDefinitions>
    <UnitTest name="TestMethod1" storage="c:\users\student\desktop\16ид3а\mathcad\mathlibrarytest\bin\debug\mathlibrarytest.dll" id="7f9316c5-5d5f-ab1d-eb63-88048fdf3498">
      <Execution id="fb03ad43-6b3e-473f-afde-7d84d687ae58" />
      <TestMethod codeBase="C:/Users/student/Desktop/16ид3а/MathCAD/MathLibraryTest/bin/Debug/MathLibraryTest.DLL" adapterTypeName="Microsoft.VisualStudio.TestTools.TestTypes.Unit.UnitTestAdapter, Microsoft.VisualStudio.QualityTools.Tips.UnitTest.Adapter, Version=10.0.0.0, Culture=neutral, PublicKeyToken=b03f5f7f11d50a3a" className="MathLibraryTest.LexerTest, MathLibraryTest, Version=1.0.0.0, Culture=neutral, PublicKeyToken=null" name="TestMethod1" />
    </UnitTest>
  </TestDefinitions>
  <TestLists>
    <TestList name="Отсутствующие в списке результаты" id="8c84fa94-04c1-424b-9868-57a2d4851a1d" />
    <TestList name="Все загруженные результаты" id="19431567-8539-422a-85d7-44ee4e166bda" />
  </TestLists>
  <TestEntries>
    <TestEntry testId="7f9316c5-5d5f-ab1d-eb63-88048fdf3498" executionId="fb03ad43-6b3e-473f-afde-7d84d687ae58" testListId="8c84fa94-04c1-424b-9868-57a2d4851a1d" />
  </TestEntries>
  <Results>
    <UnitTestResult executionId="fb03ad43-6b3e-473f-afde-7d84d687ae58" testId="7f9316c5-5d5f-ab1d-eb63-88048fdf3498" testName="TestMethod1" computerName="E319-03" duration="00:00:00.0285230" startTime="2018-05-22T12:52:28.1766996+03:00" endTime="2018-05-22T12:52:28.7038050+03:00" testType="13cdc9d9-ddb5-4fa4-a97d-d965ccfc6d4b" outcome="Passed" testListId="8c84fa94-04c1-424b-9868-57a2d4851a1d" relativeResultsDirectory="fb03ad43-6b3e-473f-afde-7d84d687ae58">
    </UnitTestResult>
  </Results>
</TestRun>